This file contains any messages produced by compilers while
running configure, to aid debugging if configure makes a mistake.

It was created by the fast lexical analyser generator configure 2.5.35, which was
generated by GNU Autoconf 2.59.  Invocation command line was

  $ ./configure 

## --------- ##
## Platform. ##
## --------- ##

hostname = ubuntu
uname -m = x86_64
uname -r = 3.0.0-17-generic
uname -s = Linux
uname -v = #30-Ubuntu SMP Thu Mar 8 20:45:39 UTC 2012

/usr/bin/uname -p = unknown
/bin/uname -X     = unknown

/bin/arch              = unknown
/usr/bin/arch -k       = unknown
/usr/convex/getsysinfo = unknown
hostinfo               = unknown
/bin/machine           = unknown
/usr/bin/oslevel       = unknown
/bin/universe          = unknown

PATH: /usr/lib/lightdm/lightdm
PATH: /usr/local/sbin
PATH: /usr/local/bin
PATH: /usr/sbin
PATH: /usr/bin
PATH: /sbin
PATH: /bin
PATH: /usr/games


## ----------- ##
## Core tests. ##
## ----------- ##

configure:1378: checking for a BSD-compatible install
configure:1433: result: /usr/bin/install -c
configure:1444: checking whether build environment is sane
configure:1487: result: yes
configure:1552: checking for gawk
configure:1581: result: no
configure:1552: checking for mawk
configure:1568: found /usr/bin/mawk
configure:1578: result: mawk
configure:1588: checking whether make sets $(MAKE)
configure:1608: result: yes
configure:1795: checking whether NLS is requested
configure:1804: result: yes
configure:1842: checking for msgfmt
configure:1873: result: /usr/bin/msgfmt
configure:1882: checking for gmsgfmt
configure:1913: result: /usr/bin/msgfmt
configure:1952: checking for xgettext
configure:1983: result: /usr/bin/xgettext
configure:2023: checking for msgmerge
configure:2053: result: /usr/bin/msgmerge
configure:2116: checking for style of include used by make
configure:2144: result: GNU
configure:2215: checking for gcc
configure:2231: found /usr/bin/gcc
configure:2241: result: gcc
configure:2485: checking for C compiler version
configure:2488: gcc --version </dev/null >&5
gcc (Ubuntu/Linaro 4.6.1-9ubuntu3) 4.6.1
Copyright (C) 2011 Free Software Foundation, Inc.
This is free software; see the source for copying conditions.  There is NO
warranty; not even for MERCHANTABILITY or FITNESS FOR A PARTICULAR PURPOSE.

configure:2491: $? = 0
configure:2493: gcc -v </dev/null >&5
Using built-in specs.
COLLECT_GCC=gcc
COLLECT_LTO_WRAPPER=/usr/lib/gcc/x86_64-linux-gnu/4.6.1/lto-wrapper
Target: x86_64-linux-gnu
Configured with: ../src/configure -v --with-pkgversion='Ubuntu/Linaro 4.6.1-9ubuntu3' --with-bugurl=file:///usr/share/doc/gcc-4.6/README.Bugs --enable-languages=c,c++,fortran,objc,obj-c++,go --prefix=/usr --program-suffix=-4.6 --enable-shared --enable-linker-build-id --with-system-zlib --libexecdir=/usr/lib --without-included-gettext --enable-threads=posix --with-gxx-include-dir=/usr/include/c++/4.6 --libdir=/usr/lib --enable-nls --with-sysroot=/ --enable-clocale=gnu --enable-libstdcxx-debug --enable-libstdcxx-time=yes --enable-plugin --enable-objc-gc --disable-werror --with-arch-32=i686 --with-tune=generic --enable-checking=release --build=x86_64-linux-gnu --host=x86_64-linux-gnu --target=x86_64-linux-gnu
Thread model: posix
gcc version 4.6.1 (Ubuntu/Linaro 4.6.1-9ubuntu3) 
configure:2496: $? = 0
configure:2498: gcc -V </dev/null >&5
gcc: error: unrecognized option '-V'
gcc: fatal error: no input files
compilation terminated.
configure:2501: $? = 4
configure:2524: checking for C compiler default output file name
configure:2527: gcc    conftest.c  >&5
configure:2530: $? = 0
configure:2576: result: a.out
configure:2581: checking whether the C compiler works
configure:2587: ./a.out
configure:2590: $? = 0
configure:2607: result: yes
configure:2614: checking whether we are cross compiling
configure:2616: result: no
configure:2619: checking for suffix of executables
configure:2621: gcc -o conftest    conftest.c  >&5
configure:2624: $? = 0
configure:2649: result: 
configure:2655: checking for suffix of object files
configure:2676: gcc -c   conftest.c >&5
configure:2679: $? = 0
configure:2701: result: o
configure:2705: checking whether we are using the GNU C compiler
configure:2729: gcc -c   conftest.c >&5
configure:2735: $? = 0
configure:2738: test -z 			 || test ! -s conftest.err
configure:2741: $? = 0
configure:2744: test -s conftest.o
configure:2747: $? = 0
configure:2760: result: yes
configure:2766: checking whether gcc accepts -g
configure:2787: gcc -c -g  conftest.c >&5
configure:2793: $? = 0
configure:2796: test -z 			 || test ! -s conftest.err
configure:2799: $? = 0
configure:2802: test -s conftest.o
configure:2805: $? = 0
configure:2816: result: yes
configure:2833: checking for gcc option to accept ANSI C
configure:2903: gcc  -c -g -O2  conftest.c >&5
configure:2909: $? = 0
configure:2912: test -z 			 || test ! -s conftest.err
configure:2915: $? = 0
configure:2918: test -s conftest.o
configure:2921: $? = 0
configure:2939: result: none needed
configure:2957: gcc -c -g -O2  conftest.c >&5
conftest.c:2:3: error: unknown type name 'choke'
conftest.c:2:3: error: expected '=', ',', ';', 'asm' or '__attribute__' at end of input
configure:2963: $? = 1
configure: failed program was:
| #ifndef __cplusplus
|   choke me
| #endif
configure:3095: checking dependency style of gcc
configure:3185: result: gcc3
configure:3208: checking build system type
configure:3226: result: x86_64-unknown-linux-gnu
configure:3234: checking host system type
configure:3248: result: x86_64-unknown-linux-gnu
configure:3280: checking for ld used by GCC
configure:3343: result: /usr/bin/ld
configure:3352: checking if the linker (/usr/bin/ld) is GNU ld
GNU ld (GNU Binutils for Ubuntu) 2.21.53.20110810
configure:3364: result: yes
configure:3370: checking for shared library run path origin
configure:3383: result: done
configure:3800: checking whether NLS is requested
configure:3809: result: yes
configure:3827: checking for GNU gettext in libc
configure:3851: gcc -o conftest -g -O2   conftest.c  >&5
conftest.c: In function 'main':
conftest.c:18:8: warning: cast from pointer to integer of different size [-Wpointer-to-int-cast]
configure:3857: $? = 0
configure:3860: test -z 			 || test ! -s conftest.err
configure:3863: $? = 0
configure:3866: test -s conftest
configure:3869: $? = 0
configure:3881: result: yes
configure:4576: checking whether to use NLS
configure:4578: result: yes
configure:4581: checking where the gettext function comes from
configure:4592: result: libc
configure:4659: checking for bison
configure:4688: result: no
configure:4659: checking for byacc
configure:4688: result: no
configure:4700: checking for flex
configure:4729: result: no
configure:4700: checking for lex
configure:4729: result: no
configure:4739: checking for yywrap in -lfl
configure:4769: gcc -o conftest -g -O2   conftest.c -lfl   >&5
/usr/bin/ld: cannot find -lfl
collect2: ld returned 1 exit status
configure:4775: $? = 1
configure: failed program was:
| /* confdefs.h.  */
| 
| #define PACKAGE_NAME "the fast lexical analyser generator"
| #define PACKAGE_TARNAME "flex"
| #define PACKAGE_VERSION "2.5.35"
| #define PACKAGE_STRING "the fast lexical analyser generator 2.5.35"
| #define PACKAGE_BUGREPORT "flex-help@lists.sourceforge.net"
| #define PACKAGE "flex"
| #define VERSION "2.5.35"
| #define ENABLE_NLS 1
| #define HAVE_GETTEXT 1
| #define HAVE_DCGETTEXT 1
| /* end confdefs.h.  */
| 
| /* Override any gcc2 internal prototype to avoid an error.  */
| #ifdef __cplusplus
| extern "C"
| #endif
| /* We use char because int might match the return type of a gcc2
|    builtin and then its argument prototype would still apply.  */
| char yywrap ();
| int
| main ()
| {
| yywrap ();
|   ;
|   return 0;
| }
configure:4800: result: no
configure:4805: checking for yywrap in -ll
configure:4835: gcc -o conftest -g -O2   conftest.c -ll   >&5
/usr/bin/ld: cannot find -ll
collect2: ld returned 1 exit status
configure:4841: $? = 1
configure: failed program was:
| /* confdefs.h.  */
| 
| #define PACKAGE_NAME "the fast lexical analyser generator"
| #define PACKAGE_TARNAME "flex"
| #define PACKAGE_VERSION "2.5.35"
| #define PACKAGE_STRING "the fast lexical analyser generator 2.5.35"
| #define PACKAGE_BUGREPORT "flex-help@lists.sourceforge.net"
| #define PACKAGE "flex"
| #define VERSION "2.5.35"
| #define ENABLE_NLS 1
| #define HAVE_GETTEXT 1
| #define HAVE_DCGETTEXT 1
| /* end confdefs.h.  */
| 
| /* Override any gcc2 internal prototype to avoid an error.  */
| #ifdef __cplusplus
| extern "C"
| #endif
| /* We use char because int might match the return type of a gcc2
|    builtin and then its argument prototype would still apply.  */
| char yywrap ();
| int
| main ()
| {
| yywrap ();
|   ;
|   return 0;
| }
configure:4866: result: no
configure:5016: checking for gcc
configure:5042: result: gcc
configure:5286: checking for C compiler version
configure:5289: gcc --version </dev/null >&5
gcc (Ubuntu/Linaro 4.6.1-9ubuntu3) 4.6.1
Copyright (C) 2011 Free Software Foundation, Inc.
This is free software; see the source for copying conditions.  There is NO
warranty; not even for MERCHANTABILITY or FITNESS FOR A PARTICULAR PURPOSE.

configure:5292: $? = 0
configure:5294: gcc -v </dev/null >&5
Using built-in specs.
COLLECT_GCC=gcc
COLLECT_LTO_WRAPPER=/usr/lib/gcc/x86_64-linux-gnu/4.6.1/lto-wrapper
Target: x86_64-linux-gnu
Configured with: ../src/configure -v --with-pkgversion='Ubuntu/Linaro 4.6.1-9ubuntu3' --with-bugurl=file:///usr/share/doc/gcc-4.6/README.Bugs --enable-languages=c,c++,fortran,objc,obj-c++,go --prefix=/usr --program-suffix=-4.6 --enable-shared --enable-linker-build-id --with-system-zlib --libexecdir=/usr/lib --without-included-gettext --enable-threads=posix --with-gxx-include-dir=/usr/include/c++/4.6 --libdir=/usr/lib --enable-nls --with-sysroot=/ --enable-clocale=gnu --enable-libstdcxx-debug --enable-libstdcxx-time=yes --enable-plugin --enable-objc-gc --disable-werror --with-arch-32=i686 --with-tune=generic --enable-checking=release --build=x86_64-linux-gnu --host=x86_64-linux-gnu --target=x86_64-linux-gnu
Thread model: posix
gcc version 4.6.1 (Ubuntu/Linaro 4.6.1-9ubuntu3) 
configure:5297: $? = 0
configure:5299: gcc -V </dev/null >&5
gcc: error: unrecognized option '-V'
gcc: fatal error: no input files
compilation terminated.
configure:5302: $? = 4
configure:5305: checking whether we are using the GNU C compiler
configure:5360: result: yes
configure:5366: checking whether gcc accepts -g
configure:5416: result: yes
configure:5433: checking for gcc option to accept ANSI C
configure:5539: result: none needed
configure:5557: gcc -c -g -O2  conftest.c >&5
conftest.c:2:3: error: unknown type name 'choke'
conftest.c:2:3: error: expected '=', ',', ';', 'asm' or '__attribute__' at end of input
configure:5563: $? = 1
configure: failed program was:
| #ifndef __cplusplus
|   choke me
| #endif
configure:5695: checking dependency style of gcc
configure:5785: result: gcc3
configure:5854: checking for g++
configure:5870: found /usr/bin/g++
configure:5880: result: g++
configure:5896: checking for C++ compiler version
configure:5899: g++ --version </dev/null >&5
g++ (Ubuntu/Linaro 4.6.1-9ubuntu3) 4.6.1
Copyright (C) 2011 Free Software Foundation, Inc.
This is free software; see the source for copying conditions.  There is NO
warranty; not even for MERCHANTABILITY or FITNESS FOR A PARTICULAR PURPOSE.

configure:5902: $? = 0
configure:5904: g++ -v </dev/null >&5
Using built-in specs.
COLLECT_GCC=g++
COLLECT_LTO_WRAPPER=/usr/lib/gcc/x86_64-linux-gnu/4.6.1/lto-wrapper
Target: x86_64-linux-gnu
Configured with: ../src/configure -v --with-pkgversion='Ubuntu/Linaro 4.6.1-9ubuntu3' --with-bugurl=file:///usr/share/doc/gcc-4.6/README.Bugs --enable-languages=c,c++,fortran,objc,obj-c++,go --prefix=/usr --program-suffix=-4.6 --enable-shared --enable-linker-build-id --with-system-zlib --libexecdir=/usr/lib --without-included-gettext --enable-threads=posix --with-gxx-include-dir=/usr/include/c++/4.6 --libdir=/usr/lib --enable-nls --with-sysroot=/ --enable-clocale=gnu --enable-libstdcxx-debug --enable-libstdcxx-time=yes --enable-plugin --enable-objc-gc --disable-werror --with-arch-32=i686 --with-tune=generic --enable-checking=release --build=x86_64-linux-gnu --host=x86_64-linux-gnu --target=x86_64-linux-gnu
Thread model: posix
gcc version 4.6.1 (Ubuntu/Linaro 4.6.1-9ubuntu3) 
configure:5907: $? = 0
configure:5909: g++ -V </dev/null >&5
g++: error: unrecognized option '-V'
g++: fatal error: no input files
compilation terminated.
configure:5912: $? = 4
configure:5915: checking whether we are using the GNU C++ compiler
configure:5939: g++ -c   conftest.cc >&5
configure:5945: $? = 0
configure:5948: test -z 			 || test ! -s conftest.err
configure:5951: $? = 0
configure:5954: test -s conftest.o
configure:5957: $? = 0
configure:5970: result: yes
configure:5976: checking whether g++ accepts -g
configure:5997: g++ -c -g  conftest.cc >&5
configure:6003: $? = 0
configure:6006: test -z 			 || test ! -s conftest.err
configure:6009: $? = 0
configure:6012: test -s conftest.o
configure:6015: $? = 0
configure:6026: result: yes
configure:6068: g++ -c -g -O2  conftest.cc >&5
configure:6074: $? = 0
configure:6077: test -z 			 || test ! -s conftest.err
configure:6080: $? = 0
configure:6083: test -s conftest.o
configure:6086: $? = 0
configure:6112: g++ -c -g -O2  conftest.cc >&5
conftest.cc: In function 'int main()':
conftest.cc:18:9: error: 'exit' was not declared in this scope
configure:6118: $? = 1
configure: failed program was:
| /* confdefs.h.  */
| 
| #define PACKAGE_NAME "the fast lexical analyser generator"
| #define PACKAGE_TARNAME "flex"
| #define PACKAGE_VERSION "2.5.35"
| #define PACKAGE_STRING "the fast lexical analyser generator 2.5.35"
| #define PACKAGE_BUGREPORT "flex-help@lists.sourceforge.net"
| #define PACKAGE "flex"
| #define VERSION "2.5.35"
| #define ENABLE_NLS 1
| #define HAVE_GETTEXT 1
| #define HAVE_DCGETTEXT 1
| /* end confdefs.h.  */
| 
| int
| main ()
| {
| exit (42);
|   ;
|   return 0;
| }
configure:6068: g++ -c -g -O2  conftest.cc >&5
conftest.cc:14:40: error: 'void std::exit(int)' should have been declared inside 'std'
configure:6074: $? = 1
configure: failed program was:
| /* confdefs.h.  */
| 
| #define PACKAGE_NAME "the fast lexical analyser generator"
| #define PACKAGE_TARNAME "flex"
| #define PACKAGE_VERSION "2.5.35"
| #define PACKAGE_STRING "the fast lexical analyser generator 2.5.35"
| #define PACKAGE_BUGREPORT "flex-help@lists.sourceforge.net"
| #define PACKAGE "flex"
| #define VERSION "2.5.35"
| #define ENABLE_NLS 1
| #define HAVE_GETTEXT 1
| #define HAVE_DCGETTEXT 1
| /* end confdefs.h.  */
| extern "C" void std::exit (int) throw (); using std::exit;
| #include <stdlib.h>
| int
| main ()
| {
| exit (42);
|   ;
|   return 0;
| }
configure:6068: g++ -c -g -O2  conftest.cc >&5
conftest.cc:14:31: error: 'void std::exit(int)' should have been declared inside 'std'
In file included from conftest.cc:15:0:
/usr/include/stdlib.h:544:70: error: declaration of 'void std::exit(int) throw ()' has a different exception specifier
conftest.cc:14:17: error: from previous declaration 'void std::exit(int)'
configure:6074: $? = 1
configure: failed program was:
| /* confdefs.h.  */
| 
| #define PACKAGE_NAME "the fast lexical analyser generator"
| #define PACKAGE_TARNAME "flex"
| #define PACKAGE_VERSION "2.5.35"
| #define PACKAGE_STRING "the fast lexical analyser generator 2.5.35"
| #define PACKAGE_BUGREPORT "flex-help@lists.sourceforge.net"
| #define PACKAGE "flex"
| #define VERSION "2.5.35"
| #define ENABLE_NLS 1
| #define HAVE_GETTEXT 1
| #define HAVE_DCGETTEXT 1
| /* end confdefs.h.  */
| extern "C" void std::exit (int); using std::exit;
| #include <stdlib.h>
| int
| main ()
| {
| exit (42);
|   ;
|   return 0;
| }
configure:6068: g++ -c -g -O2  conftest.cc >&5
configure:6074: $? = 0
configure:6077: test -z 			 || test ! -s conftest.err
configure:6080: $? = 0
configure:6083: test -s conftest.o
configure:6086: $? = 0
configure:6112: g++ -c -g -O2  conftest.cc >&5
configure:6118: $? = 0
configure:6121: test -z 			 || test ! -s conftest.err
configure:6124: $? = 0
configure:6127: test -s conftest.o
configure:6130: $? = 0
configure:6155: checking dependency style of g++
configure:6245: result: gcc3
configure:6262: checking whether ln -s works
configure:6266: result: yes
configure:6314: checking for ranlib
configure:6330: found /usr/bin/ranlib
configure:6341: result: ranlib
configure:6357: checking for gawk
configure:6383: result: mawk
configure:6406: checking for a BSD-compatible install
configure:6461: result: /usr/bin/install -c
configure:6475: checking for bison
configure:6506: result: bison
configure:6515: checking for help2man
configure:6546: result: help2man
configure:6560: checking for gm4
configure:6593: result: no
configure:6560: checking for gnum4
configure:6593: result: no
configure:6560: checking for m4
configure:6578: found /usr/local/bin/m4
configure:6590: result: /usr/local/bin/m4
configure:6603: checking for GNU m4
configure:6606: result: yes
configure:6628: checking for indent
configure:6659: result: indent
configure:6680: WARNING: no indent program found: make indent target will not function
configure:6691: checking how to run the C preprocessor
configure:6726: gcc -E  conftest.c
configure:6732: $? = 0
configure:6764: gcc -E  conftest.c
conftest.c:18:28: fatal error: ac_nonexistent.h: No such file or directory
compilation terminated.
configure:6770: $? = 1
configure: failed program was:
| /* confdefs.h.  */
| 
| #define PACKAGE_NAME "the fast lexical analyser generator"
| #define PACKAGE_TARNAME "flex"
| #define PACKAGE_VERSION "2.5.35"
| #define PACKAGE_STRING "the fast lexical analyser generator 2.5.35"
| #define PACKAGE_BUGREPORT "flex-help@lists.sourceforge.net"
| #define PACKAGE "flex"
| #define VERSION "2.5.35"
| #define ENABLE_NLS 1
| #define HAVE_GETTEXT 1
| #define HAVE_DCGETTEXT 1
| #ifdef __cplusplus
| extern "C" void exit (int) throw ();
| #endif
| #define M4 "/usr/local/bin/m4"
| /* end confdefs.h.  */
| #include <ac_nonexistent.h>
configure:6809: result: gcc -E
configure:6833: gcc -E  conftest.c
configure:6839: $? = 0
configure:6871: gcc -E  conftest.c
conftest.c:18:28: fatal error: ac_nonexistent.h: No such file or directory
compilation terminated.
configure:6877: $? = 1
configure: failed program was:
| /* confdefs.h.  */
| 
| #define PACKAGE_NAME "the fast lexical analyser generator"
| #define PACKAGE_TARNAME "flex"
| #define PACKAGE_VERSION "2.5.35"
| #define PACKAGE_STRING "the fast lexical analyser generator 2.5.35"
| #define PACKAGE_BUGREPORT "flex-help@lists.sourceforge.net"
| #define PACKAGE "flex"
| #define VERSION "2.5.35"
| #define ENABLE_NLS 1
| #define HAVE_GETTEXT 1
| #define HAVE_DCGETTEXT 1
| #ifdef __cplusplus
| extern "C" void exit (int) throw ();
| #endif
| #define M4 "/usr/local/bin/m4"
| /* end confdefs.h.  */
| #include <ac_nonexistent.h>
configure:6921: checking for egrep
configure:6931: result: grep -E
configure:6938: checking for working alloca.h
configure:6959: gcc -o conftest -g -O2   conftest.c  >&5
configure:6965: $? = 0
configure:6968: test -z 			 || test ! -s conftest.err
configure:6971: $? = 0
configure:6974: test -s conftest
configure:6977: $? = 0
configure:6989: result: yes
configure:6999: checking for alloca
configure:7040: gcc -o conftest -g -O2   conftest.c  >&5
configure:7046: $? = 0
configure:7049: test -z 			 || test ! -s conftest.err
configure:7052: $? = 0
configure:7055: test -s conftest
configure:7058: $? = 0
configure:7070: result: yes
configure:7292: checking for ANSI C header files
configure:7317: gcc -c -g -O2  conftest.c >&5
configure:7323: $? = 0
configure:7326: test -z 			 || test ! -s conftest.err
configure:7329: $? = 0
configure:7332: test -s conftest.o
configure:7335: $? = 0
configure:7424: gcc -o conftest -g -O2   conftest.c  >&5
conftest.c: In function 'main':
conftest.c:37:7: warning: incompatible implicit declaration of built-in function 'exit' [enabled by default]
configure:7427: $? = 0
configure:7429: ./conftest
configure:7432: $? = 0
configure:7447: result: yes
configure:7457: checking for sys/wait.h that is POSIX.1 compatible
configure:7488: gcc -c -g -O2  conftest.c >&5
configure:7494: $? = 0
configure:7497: test -z 			 || test ! -s conftest.err
configure:7500: $? = 0
configure:7503: test -s conftest.o
configure:7506: $? = 0
configure:7517: result: yes
configure:7541: checking for sys/types.h
configure:7557: gcc -c -g -O2  conftest.c >&5
configure:7563: $? = 0
configure:7566: test -z 			 || test ! -s conftest.err
configure:7569: $? = 0
configure:7572: test -s conftest.o
configure:7575: $? = 0
configure:7586: result: yes
configure:7541: checking for sys/stat.h
configure:7557: gcc -c -g -O2  conftest.c >&5
configure:7563: $? = 0
configure:7566: test -z 			 || test ! -s conftest.err
configure:7569: $? = 0
configure:7572: test -s conftest.o
configure:7575: $? = 0
configure:7586: result: yes
configure:7541: checking for stdlib.h
configure:7557: gcc -c -g -O2  conftest.c >&5
configure:7563: $? = 0
configure:7566: test -z 			 || test ! -s conftest.err
configure:7569: $? = 0
configure:7572: test -s conftest.o
configure:7575: $? = 0
configure:7586: result: yes
configure:7541: checking for string.h
configure:7557: gcc -c -g -O2  conftest.c >&5
configure:7563: $? = 0
configure:7566: test -z 			 || test ! -s conftest.err
configure:7569: $? = 0
configure:7572: test -s conftest.o
configure:7575: $? = 0
configure:7586: result: yes
configure:7541: checking for memory.h
configure:7557: gcc -c -g -O2  conftest.c >&5
configure:7563: $? = 0
configure:7566: test -z 			 || test ! -s conftest.err
configure:7569: $? = 0
configure:7572: test -s conftest.o
configure:7575: $? = 0
configure:7586: result: yes
configure:7541: checking for strings.h
configure:7557: gcc -c -g -O2  conftest.c >&5
configure:7563: $? = 0
configure:7566: test -z 			 || test ! -s conftest.err
configure:7569: $? = 0
configure:7572: test -s conftest.o
configure:7575: $? = 0
configure:7586: result: yes
configure:7541: checking for inttypes.h
configure:7557: gcc -c -g -O2  conftest.c >&5
configure:7563: $? = 0
configure:7566: test -z 			 || test ! -s conftest.err
configure:7569: $? = 0
configure:7572: test -s conftest.o
configure:7575: $? = 0
configure:7586: result: yes
configure:7541: checking for stdint.h
configure:7557: gcc -c -g -O2  conftest.c >&5
configure:7563: $? = 0
configure:7566: test -z 			 || test ! -s conftest.err
configure:7569: $? = 0
configure:7572: test -s conftest.o
configure:7575: $? = 0
configure:7586: result: yes
configure:7541: checking for unistd.h
configure:7557: gcc -c -g -O2  conftest.c >&5
configure:7563: $? = 0
configure:7566: test -z 			 || test ! -s conftest.err
configure:7569: $? = 0
configure:7572: test -s conftest.o
configure:7575: $? = 0
configure:7586: result: yes
configure:7613: checking for inttypes.h
configure:7618: result: yes
configure:7622: checking libintl.h usability
configure:7634: gcc -c -g -O2  conftest.c >&5
configure:7640: $? = 0
configure:7643: test -z 			 || test ! -s conftest.err
configure:7646: $? = 0
configure:7649: test -s conftest.o
configure:7652: $? = 0
configure:7662: result: yes
configure:7666: checking libintl.h presence
configure:7676: gcc -E  conftest.c
configure:7682: $? = 0
configure:7702: result: yes
configure:7737: checking for libintl.h
configure:7744: result: yes
configure:7622: checking limits.h usability
configure:7634: gcc -c -g -O2  conftest.c >&5
configure:7640: $? = 0
configure:7643: test -z 			 || test ! -s conftest.err
configure:7646: $? = 0
configure:7649: test -s conftest.o
configure:7652: $? = 0
configure:7662: result: yes
configure:7666: checking limits.h presence
configure:7676: gcc -E  conftest.c
configure:7682: $? = 0
configure:7702: result: yes
configure:7737: checking for limits.h
configure:7744: result: yes
configure:7622: checking locale.h usability
configure:7634: gcc -c -g -O2  conftest.c >&5
configure:7640: $? = 0
configure:7643: test -z 			 || test ! -s conftest.err
configure:7646: $? = 0
configure:7649: test -s conftest.o
configure:7652: $? = 0
configure:7662: result: yes
configure:7666: checking locale.h presence
configure:7676: gcc -E  conftest.c
configure:7682: $? = 0
configure:7702: result: yes
configure:7737: checking for locale.h
configure:7744: result: yes
configure:7622: checking malloc.h usability
configure:7634: gcc -c -g -O2  conftest.c >&5
configure:7640: $? = 0
configure:7643: test -z 			 || test ! -s conftest.err
configure:7646: $? = 0
configure:7649: test -s conftest.o
configure:7652: $? = 0
configure:7662: result: yes
configure:7666: checking malloc.h presence
configure:7676: gcc -E  conftest.c
configure:7682: $? = 0
configure:7702: result: yes
configure:7737: checking for malloc.h
configure:7744: result: yes
configure:7622: checking netinet/in.h usability
configure:7634: gcc -c -g -O2  conftest.c >&5
configure:7640: $? = 0
configure:7643: test -z 			 || test ! -s conftest.err
configure:7646: $? = 0
configure:7649: test -s conftest.o
configure:7652: $? = 0
configure:7662: result: yes
configure:7666: checking netinet/in.h presence
configure:7676: gcc -E  conftest.c
configure:7682: $? = 0
configure:7702: result: yes
configure:7737: checking for netinet/in.h
configure:7744: result: yes
configure:7622: checking stddef.h usability
configure:7634: gcc -c -g -O2  conftest.c >&5
configure:7640: $? = 0
configure:7643: test -z 			 || test ! -s conftest.err
configure:7646: $? = 0
configure:7649: test -s conftest.o
configure:7652: $? = 0
configure:7662: result: yes
configure:7666: checking stddef.h presence
configure:7676: gcc -E  conftest.c
configure:7682: $? = 0
configure:7702: result: yes
configure:7737: checking for stddef.h
configure:7744: result: yes
configure:7613: checking for stdlib.h
configure:7618: result: yes
configure:7613: checking for string.h
configure:7618: result: yes
configure:7613: checking for strings.h
configure:7618: result: yes
configure:7613: checking for unistd.h
configure:7618: result: yes
configure:7758: checking for log10 in -lm
configure:7788: gcc -o conftest -g -O2   conftest.c -lm   >&5
conftest.c:49:6: warning: conflicting types for built-in function 'log10' [enabled by default]
configure:7794: $? = 0
configure:7797: test -z 			 || test ! -s conftest.err
configure:7800: $? = 0
configure:7803: test -s conftest
configure:7806: $? = 0
configure:7819: result: yes
configure:7835: checking for pthread_mutex_lock in -lpthread
configure:7865: gcc -o conftest -g -O2   conftest.c -lpthread  -lm  >&5
configure:7871: $? = 0
configure:7874: test -z 			 || test ! -s conftest.err
configure:7877: $? = 0
configure:7880: test -s conftest
configure:7883: $? = 0
configure:7896: result: yes
configure:7927: checking pthread.h usability
configure:7939: gcc -c -g -O2  conftest.c >&5
configure:7945: $? = 0
configure:7948: test -z 			 || test ! -s conftest.err
configure:7951: $? = 0
configure:7954: test -s conftest.o
configure:7957: $? = 0
configure:7967: result: yes
configure:7971: checking pthread.h presence
configure:7981: gcc -E  conftest.c
configure:7987: $? = 0
configure:8007: result: yes
configure:8042: checking for pthread.h
configure:8049: result: yes
configure:8065: checking for stdbool.h that conforms to C99
configure:8118: gcc -c -g -O2  conftest.c >&5
conftest.c:71:2: warning: variably modified 'd' at file scope [enabled by default]
conftest.c:73:2: warning: variably modified 'f' at file scope [enabled by default]
configure:8124: $? = 0
configure:8127: test -z 			 || test ! -s conftest.err
configure:8130: $? = 0
configure:8133: test -s conftest.o
configure:8136: $? = 0
configure:8147: result: yes
configure:8149: checking for _Bool
configure:8173: gcc -c -g -O2  conftest.c >&5
configure:8179: $? = 0
configure:8182: test -z 			 || test ! -s conftest.err
configure:8185: $? = 0
configure:8188: test -s conftest.o
configure:8191: $? = 0
configure:8202: result: yes
configure:8221: checking for an ANSI C-conforming const
configure:8288: gcc -c -g -O2  conftest.c >&5
configure:8294: $? = 0
configure:8297: test -z 			 || test ! -s conftest.err
configure:8300: $? = 0
configure:8303: test -s conftest.o
configure:8306: $? = 0
configure:8317: result: yes
configure:8327: checking for size_t
configure:8351: gcc -c -g -O2  conftest.c >&5
configure:8357: $? = 0
configure:8360: test -z 			 || test ! -s conftest.err
configure:8363: $? = 0
configure:8366: test -s conftest.o
configure:8369: $? = 0
configure:8380: result: yes
configure:8395: checking for pid_t
configure:8419: gcc -c -g -O2  conftest.c >&5
configure:8425: $? = 0
configure:8428: test -z 			 || test ! -s conftest.err
configure:8431: $? = 0
configure:8434: test -s conftest.o
configure:8437: $? = 0
configure:8448: result: yes
configure:8466: checking for unistd.h
configure:8471: result: yes
configure:8475: checking vfork.h usability
configure:8487: gcc -c -g -O2  conftest.c >&5
conftest.c:82:19: fatal error: vfork.h: No such file or directory
compilation terminated.
configure:8493: $? = 1
configure: failed program was:
| /* confdefs.h.  */
| 
| #define PACKAGE_NAME "the fast lexical analyser generator"
| #define PACKAGE_TARNAME "flex"
| #define PACKAGE_VERSION "2.5.35"
| #define PACKAGE_STRING "the fast lexical analyser generator 2.5.35"
| #define PACKAGE_BUGREPORT "flex-help@lists.sourceforge.net"
| #define PACKAGE "flex"
| #define VERSION "2.5.35"
| #define ENABLE_NLS 1
| #define HAVE_GETTEXT 1
| #define HAVE_DCGETTEXT 1
| #ifdef __cplusplus
| extern "C" void exit (int) throw ();
| #endif
| #define M4 "/usr/local/bin/m4"
| #define HAVE_ALLOCA_H 1
| #define HAVE_ALLOCA 1
| #define STDC_HEADERS 1
| #define HAVE_SYS_WAIT_H 1
| #define HAVE_SYS_TYPES_H 1
| #define HAVE_SYS_STAT_H 1
| #define HAVE_STDLIB_H 1
| #define HAVE_STRING_H 1
| #define HAVE_MEMORY_H 1
| #define HAVE_STRINGS_H 1
| #define HAVE_INTTYPES_H 1
| #define HAVE_STDINT_H 1
| #define HAVE_UNISTD_H 1
| #define HAVE_INTTYPES_H 1
| #define HAVE_LIBINTL_H 1
| #define HAVE_LIMITS_H 1
| #define HAVE_LOCALE_H 1
| #define HAVE_MALLOC_H 1
| #define HAVE_NETINET_IN_H 1
| #define HAVE_STDDEF_H 1
| #define HAVE_STDLIB_H 1
| #define HAVE_STRING_H 1
| #define HAVE_STRINGS_H 1
| #define HAVE_UNISTD_H 1
| #define HAVE_LIBM 1
| #define HAVE_LIBPTHREAD 1
| #define HAVE_PTHREAD_H 1
| #define HAVE__BOOL 1
| #define HAVE_STDBOOL_H 1
| #define HAVE_UNISTD_H 1
| /* end confdefs.h.  */
| #include <stdio.h>
| #if HAVE_SYS_TYPES_H
| # include <sys/types.h>
| #endif
| #if HAVE_SYS_STAT_H
| # include <sys/stat.h>
| #endif
| #if STDC_HEADERS
| # include <stdlib.h>
| # include <stddef.h>
| #else
| # if HAVE_STDLIB_H
| #  include <stdlib.h>
| # endif
| #endif
| #if HAVE_STRING_H
| # if !STDC_HEADERS && HAVE_MEMORY_H
| #  include <memory.h>
| # endif
| # include <string.h>
| #endif
| #if HAVE_STRINGS_H
| # include <strings.h>
| #endif
| #if HAVE_INTTYPES_H
| # include <inttypes.h>
| #else
| # if HAVE_STDINT_H
| #  include <stdint.h>
| # endif
| #endif
| #if HAVE_UNISTD_H
| # include <unistd.h>
| #endif
| #include <vfork.h>
configure:8515: result: no
configure:8519: checking vfork.h presence
configure:8529: gcc -E  conftest.c
conftest.c:48:19: fatal error: vfork.h: No such file or directory
compilation terminated.
configure:8535: $? = 1
configure: failed program was:
| /* confdefs.h.  */
| 
| #define PACKAGE_NAME "the fast lexical analyser generator"
| #define PACKAGE_TARNAME "flex"
| #define PACKAGE_VERSION "2.5.35"
| #define PACKAGE_STRING "the fast lexical analyser generator 2.5.35"
| #define PACKAGE_BUGREPORT "flex-help@lists.sourceforge.net"
| #define PACKAGE "flex"
| #define VERSION "2.5.35"
| #define ENABLE_NLS 1
| #define HAVE_GETTEXT 1
| #define HAVE_DCGETTEXT 1
| #ifdef __cplusplus
| extern "C" void exit (int) throw ();
| #endif
| #define M4 "/usr/local/bin/m4"
| #define HAVE_ALLOCA_H 1
| #define HAVE_ALLOCA 1
| #define STDC_HEADERS 1
| #define HAVE_SYS_WAIT_H 1
| #define HAVE_SYS_TYPES_H 1
| #define HAVE_SYS_STAT_H 1
| #define HAVE_STDLIB_H 1
| #define HAVE_STRING_H 1
| #define HAVE_MEMORY_H 1
| #define HAVE_STRINGS_H 1
| #define HAVE_INTTYPES_H 1
| #define HAVE_STDINT_H 1
| #define HAVE_UNISTD_H 1
| #define HAVE_INTTYPES_H 1
| #define HAVE_LIBINTL_H 1
| #define HAVE_LIMITS_H 1
| #define HAVE_LOCALE_H 1
| #define HAVE_MALLOC_H 1
| #define HAVE_NETINET_IN_H 1
| #define HAVE_STDDEF_H 1
| #define HAVE_STDLIB_H 1
| #define HAVE_STRING_H 1
| #define HAVE_STRINGS_H 1
| #define HAVE_UNISTD_H 1
| #define HAVE_LIBM 1
| #define HAVE_LIBPTHREAD 1
| #define HAVE_PTHREAD_H 1
| #define HAVE__BOOL 1
| #define HAVE_STDBOOL_H 1
| #define HAVE_UNISTD_H 1
| /* end confdefs.h.  */
| #include <vfork.h>
configure:8555: result: no
configure:8590: checking for vfork.h
configure:8597: result: no
configure:8615: checking for fork
configure:8672: gcc -o conftest -g -O2   conftest.c -lm  >&5
conftest.c:72:6: warning: conflicting types for built-in function 'fork' [enabled by default]
configure:8678: $? = 0
configure:8681: test -z 			 || test ! -s conftest.err
configure:8684: $? = 0
configure:8687: test -s conftest
configure:8690: $? = 0
configure:8702: result: yes
configure:8615: checking for vfork
configure:8672: gcc -o conftest -g -O2   conftest.c -lm  >&5
configure:8678: $? = 0
configure:8681: test -z 			 || test ! -s conftest.err
configure:8684: $? = 0
configure:8687: test -s conftest
configure:8690: $? = 0
configure:8702: result: yes
configure:8713: checking for working fork
configure:8742: gcc -o conftest -g -O2   conftest.c -lm  >&5
configure:8745: $? = 0
configure:8747: ./conftest
configure:8750: $? = 0
configure:8764: result: yes
configure:8785: checking for working vfork
configure:8918: result: yes
configure:8954: checking for stdlib.h
configure:8959: result: yes
configure:9098: checking for GNU libc compatible malloc
configure:9127: gcc -o conftest -g -O2   conftest.c -lm  >&5
configure:9130: $? = 0
configure:9132: ./conftest
configure:9135: $? = 0
configure:9149: result: yes
configure:9184: checking for stdlib.h
configure:9189: result: yes
configure:9328: checking for GNU libc compatible realloc
configure:9357: gcc -o conftest -g -O2   conftest.c -lm  >&5
configure:9360: $? = 0
configure:9362: ./conftest
configure:9365: $? = 0
configure:9379: result: yes
configure:9420: checking for dup2
configure:9477: gcc -o conftest -g -O2   conftest.c -lm  >&5
configure:9483: $? = 0
configure:9486: test -z 			 || test ! -s conftest.err
configure:9489: $? = 0
configure:9492: test -s conftest
configure:9495: $? = 0
configure:9507: result: yes
configure:9420: checking for isascii
configure:9477: gcc -o conftest -g -O2   conftest.c -lm  >&5
conftest.c:81:6: warning: conflicting types for built-in function 'isascii' [enabled by default]
configure:9483: $? = 0
configure:9486: test -z 			 || test ! -s conftest.err
configure:9489: $? = 0
configure:9492: test -s conftest
configure:9495: $? = 0
configure:9507: result: yes
configure:9420: checking for memset
configure:9477: gcc -o conftest -g -O2   conftest.c -lm  >&5
conftest.c:82:6: warning: conflicting types for built-in function 'memset' [enabled by default]
configure:9483: $? = 0
configure:9486: test -z 			 || test ! -s conftest.err
configure:9489: $? = 0
configure:9492: test -s conftest
configure:9495: $? = 0
configure:9507: result: yes
configure:9420: checking for pow
configure:9477: gcc -o conftest -g -O2   conftest.c -lm  >&5
conftest.c:83:6: warning: conflicting types for built-in function 'pow' [enabled by default]
configure:9483: $? = 0
configure:9486: test -z 			 || test ! -s conftest.err
configure:9489: $? = 0
configure:9492: test -s conftest
configure:9495: $? = 0
configure:9507: result: yes
configure:9420: checking for regcomp
configure:9477: gcc -o conftest -g -O2   conftest.c -lm  >&5
configure:9483: $? = 0
configure:9486: test -z 			 || test ! -s conftest.err
configure:9489: $? = 0
configure:9492: test -s conftest
configure:9495: $? = 0
configure:9507: result: yes
configure:9420: checking for setlocale
configure:9477: gcc -o conftest -g -O2   conftest.c -lm  >&5
configure:9483: $? = 0
configure:9486: test -z 			 || test ! -s conftest.err
configure:9489: $? = 0
configure:9492: test -s conftest
configure:9495: $? = 0
configure:9507: result: yes
configure:9420: checking for strchr
configure:9477: gcc -o conftest -g -O2   conftest.c -lm  >&5
conftest.c:86:6: warning: conflicting types for built-in function 'strchr' [enabled by default]
configure:9483: $? = 0
configure:9486: test -z 			 || test ! -s conftest.err
configure:9489: $? = 0
configure:9492: test -s conftest
configure:9495: $? = 0
configure:9507: result: yes
configure:9420: checking for strtol
configure:9477: gcc -o conftest -g -O2   conftest.c -lm  >&5
configure:9483: $? = 0
configure:9486: test -z 			 || test ! -s conftest.err
configure:9489: $? = 0
configure:9492: test -s conftest
configure:9495: $? = 0
configure:9507: result: yes
configure:9644: creating ./config.status

## ---------------------- ##
## Running config.status. ##
## ---------------------- ##

This file was extended by the fast lexical analyser generator config.status 2.5.35, which was
generated by GNU Autoconf 2.59.  Invocation command line was

  CONFIG_FILES    = 
  CONFIG_HEADERS  = 
  CONFIG_LINKS    = 
  CONFIG_COMMANDS = 
  $ ./config.status 

on ubuntu

config.status:829: creating Makefile
config.status:829: creating doc/Makefile
config.status:829: creating examples/Makefile
config.status:829: creating examples/fastwc/Makefile
config.status:829: creating examples/manual/Makefile
config.status:829: creating m4/Makefile
config.status:829: creating po/Makefile.in
config.status:829: creating tools/Makefile
config.status:829: creating tests/Makefile
config.status:829: creating tests/TEMPLATE/Makefile
config.status:829: creating tests/test-array-nr/Makefile
config.status:829: creating tests/test-array-r/Makefile
config.status:829: creating tests/test-basic-nr/Makefile
config.status:829: creating tests/test-basic-r/Makefile
config.status:829: creating tests/test-bison-yylloc/Makefile
config.status:829: creating tests/test-bison-yylval/Makefile
config.status:829: creating tests/test-c-cpp-nr/Makefile
config.status:829: creating tests/test-c-cpp-r/Makefile
config.status:829: creating tests/test-header-nr/Makefile
config.status:829: creating tests/test-header-r/Makefile
config.status:829: creating tests/test-include-by-buffer/Makefile
config.status:829: creating tests/test-include-by-push/Makefile
config.status:829: creating tests/test-include-by-reentrant/Makefile
config.status:829: creating tests/test-multiple-scanners-nr/Makefile
config.status:829: creating tests/test-multiple-scanners-r/Makefile
config.status:829: creating tests/test-noansi-nr/Makefile
config.status:829: creating tests/test-noansi-r/Makefile
config.status:829: creating tests/test-prefix-nr/Makefile
config.status:829: creating tests/test-prefix-r/Makefile
config.status:829: creating tests/test-pthread/Makefile
config.status:829: creating tests/test-string-nr/Makefile
config.status:829: creating tests/test-string-r/Makefile
config.status:829: creating tests/test-yyextra/Makefile
config.status:829: creating tests/test-alloc-extra/Makefile
config.status:829: creating tests/test-lineno-nr/Makefile
config.status:829: creating tests/test-lineno-r/Makefile
config.status:829: creating tests/test-linedir-r/Makefile
config.status:829: creating tests/test-debug-r/Makefile
config.status:829: creating tests/test-debug-nr/Makefile
config.status:829: creating tests/test-mem-nr/Makefile
config.status:829: creating tests/test-mem-r/Makefile
config.status:829: creating tests/test-posix/Makefile
config.status:829: creating tests/test-posixly-correct/Makefile
config.status:829: creating tests/test-table-opts/Makefile
config.status:829: creating tests/test-c++-basic/Makefile
config.status:829: creating tests/test-bison-nr/Makefile
config.status:829: creating tests/test-reject/Makefile
config.status:829: creating tests/test-c++-multiple-scanners/Makefile
config.status:829: creating tests/test-top/Makefile
config.status:829: creating tests/test-rescan-nr/Makefile
config.status:829: creating tests/test-rescan-r/Makefile
config.status:829: creating tests/test-quotes/Makefile
config.status:829: creating tests/test-ccl/Makefile
config.status:829: creating tests/test-extended/Makefile
config.status:829: creating tests/test-c++-yywrap/Makefile
config.status:829: creating tests/test-concatenated-options/Makefile
config.status:895: creating config.h
config.status:1279: executing default-1 commands
config.status:1279: executing depfiles commands

## ---------------- ##
## Cache variables. ##
## ---------------- ##

ac_cv_build=x86_64-unknown-linux-gnu
ac_cv_build_alias=x86_64-unknown-linux-gnu
ac_cv_c_compiler_gnu=yes
ac_cv_c_const=yes
ac_cv_cxx_compiler_gnu=yes
ac_cv_env_CC_set=
ac_cv_env_CC_value=
ac_cv_env_CFLAGS_set=
ac_cv_env_CFLAGS_value=
ac_cv_env_CPPFLAGS_set=
ac_cv_env_CPPFLAGS_value=
ac_cv_env_CPP_set=
ac_cv_env_CPP_value=
ac_cv_env_CXXFLAGS_set=
ac_cv_env_CXXFLAGS_value=
ac_cv_env_CXX_set=
ac_cv_env_CXX_value=
ac_cv_env_LDFLAGS_set=
ac_cv_env_LDFLAGS_value=
ac_cv_env_build_alias_set=
ac_cv_env_build_alias_value=
ac_cv_env_host_alias_set=
ac_cv_env_host_alias_value=
ac_cv_env_target_alias_set=
ac_cv_env_target_alias_value=
ac_cv_exeext=
ac_cv_func_alloca_works=yes
ac_cv_func_dup2=yes
ac_cv_func_fork=yes
ac_cv_func_fork_works=yes
ac_cv_func_isascii=yes
ac_cv_func_malloc_0_nonnull=yes
ac_cv_func_memset=yes
ac_cv_func_pow=yes
ac_cv_func_realloc_0_nonnull=yes
ac_cv_func_regcomp=yes
ac_cv_func_setlocale=yes
ac_cv_func_strchr=yes
ac_cv_func_strtol=yes
ac_cv_func_vfork=yes
ac_cv_func_vfork_works=yes
ac_cv_header_inttypes_h=yes
ac_cv_header_libintl_h=yes
ac_cv_header_limits_h=yes
ac_cv_header_locale_h=yes
ac_cv_header_malloc_h=yes
ac_cv_header_memory_h=yes
ac_cv_header_netinet_in_h=yes
ac_cv_header_pthread_h=yes
ac_cv_header_stdbool_h=yes
ac_cv_header_stdc=yes
ac_cv_header_stddef_h=yes
ac_cv_header_stdint_h=yes
ac_cv_header_stdlib_h=yes
ac_cv_header_string_h=yes
ac_cv_header_strings_h=yes
ac_cv_header_sys_stat_h=yes
ac_cv_header_sys_types_h=yes
ac_cv_header_sys_wait_h=yes
ac_cv_header_unistd_h=yes
ac_cv_header_vfork_h=no
ac_cv_host=x86_64-unknown-linux-gnu
ac_cv_host_alias=x86_64-unknown-linux-gnu
ac_cv_lib_fl_yywrap=no
ac_cv_lib_l_yywrap=no
ac_cv_lib_m_log10=yes
ac_cv_lib_pthread_pthread_mutex_lock=yes
ac_cv_objext=o
ac_cv_path_BISON=bison
ac_cv_path_GMSGFMT=/usr/bin/msgfmt
ac_cv_path_HELP2MAN=help2man
ac_cv_path_INDENT=indent
ac_cv_path_M4=/usr/local/bin/m4
ac_cv_path_MSGFMT=/usr/bin/msgfmt
ac_cv_path_MSGMERGE=/usr/bin/msgmerge
ac_cv_path_XGETTEXT=/usr/bin/xgettext
ac_cv_path_install='/usr/bin/install -c'
ac_cv_prog_AWK=mawk
ac_cv_prog_CPP='gcc -E'
ac_cv_prog_ac_ct_CC=gcc
ac_cv_prog_ac_ct_CXX=g++
ac_cv_prog_ac_ct_RANLIB=ranlib
ac_cv_prog_cc_g=yes
ac_cv_prog_cc_stdc=
ac_cv_prog_cxx_g=yes
ac_cv_prog_egrep='grep -E'
ac_cv_prog_make_make_set=yes
ac_cv_type__Bool=yes
ac_cv_type_pid_t=yes
ac_cv_type_size_t=yes
ac_cv_working_alloca_h=yes
acl_cv_hardcode_direct=no
acl_cv_hardcode_libdir_flag_spec='${wl}-rpath ${wl}$libdir'
acl_cv_hardcode_libdir_separator=
acl_cv_hardcode_minus_L=no
acl_cv_libext=a
acl_cv_path_LD=/usr/bin/ld
acl_cv_prog_gnu_ld=yes
acl_cv_rpath=done
acl_cv_shlibext=so
acl_cv_wl=-Wl,
am_cv_CC_dependencies_compiler_type=gcc3
am_cv_CXX_dependencies_compiler_type=gcc3
gt_cv_func_gnugettext1_libc=yes

## ----------------- ##
## Output variables. ##
## ----------------- ##

ACLOCAL='${SHELL} /home/adam/Desktop/Forensics/flex-2.5.35/missing --run aclocal-1.9'
ALLOCA=''
AMDEPBACKSLASH='\'
AMDEP_FALSE='#'
AMDEP_TRUE=''
AMTAR='${SHELL} /home/adam/Desktop/Forensics/flex-2.5.35/missing --run tar'
AUTOCONF='${SHELL} /home/adam/Desktop/Forensics/flex-2.5.35/missing --run autoconf'
AUTOHEADER='${SHELL} /home/adam/Desktop/Forensics/flex-2.5.35/missing --run autoheader'
AUTOMAKE='${SHELL} /home/adam/Desktop/Forensics/flex-2.5.35/missing --run automake-1.9'
AWK='mawk'
BISON='bison'
CC='gcc'
CCDEPMODE='depmode=gcc3'
CFLAGS='-g -O2'
CPP='gcc -E'
CPPFLAGS=''
CXX='g++'
CXXDEPMODE='depmode=gcc3'
CXXFLAGS='-g -O2'
CYGPATH_W='echo'
DEFS='-DHAVE_CONFIG_H'
DEPDIR='.deps'
ECHO_C=''
ECHO_N='-n'
ECHO_T=''
EGREP='grep -E'
EXEEXT=''
GMSGFMT='/usr/bin/msgfmt'
HELP2MAN='help2man'
INDENT='indent'
INSTALL_DATA='${INSTALL} -m 644'
INSTALL_PROGRAM='${INSTALL}'
INSTALL_SCRIPT='${INSTALL}'
INSTALL_STRIP_PROGRAM='${SHELL} $(install_sh) -c -s'
INTLLIBS=''
LDFLAGS=''
LEX='${SHELL} /home/adam/Desktop/Forensics/flex-2.5.35/missing --run flex'
LEXLIB=''
LEX_OUTPUT_ROOT=''
LIBICONV='-liconv'
LIBINTL=''
LIBOBJS=''
LIBS='-lm '
LN_S='ln -s'
LTLIBICONV='-liconv'
LTLIBINTL=''
LTLIBOBJS=''
M4='/usr/local/bin/m4'
MAKEINFO='${SHELL} /home/adam/Desktop/Forensics/flex-2.5.35/missing --run makeinfo'
MKINSTALLDIRS='$(top_builddir)/./mkinstalldirs'
MSGFMT='/usr/bin/msgfmt'
MSGMERGE='/usr/bin/msgmerge'
OBJEXT='o'
PACKAGE='flex'
PACKAGE_BUGREPORT='flex-help@lists.sourceforge.net'
PACKAGE_NAME='the fast lexical analyser generator'
PACKAGE_STRING='the fast lexical analyser generator 2.5.35'
PACKAGE_TARNAME='flex'
PACKAGE_VERSION='2.5.35'
PATH_SEPARATOR=':'
POSUB='po'
RANLIB='ranlib'
SET_MAKE=''
SHELL='/bin/bash'
STRIP=''
USE_NLS='yes'
VERSION='2.5.35'
XGETTEXT='/usr/bin/xgettext'
YACC='yacc'
ac_ct_CC='gcc'
ac_ct_CXX='g++'
ac_ct_RANLIB='ranlib'
ac_ct_STRIP=''
am__fastdepCC_FALSE='#'
am__fastdepCC_TRUE=''
am__fastdepCXX_FALSE='#'
am__fastdepCXX_TRUE=''
am__include='include'
am__leading_dot='.'
am__quote=''
am__tar='${AMTAR} chof - "$$tardir"'
am__untar='${AMTAR} xf -'
bindir='${exec_prefix}/bin'
build='x86_64-unknown-linux-gnu'
build_alias=''
build_cpu='x86_64'
build_os='linux-gnu'
build_vendor='unknown'
datadir='${prefix}/share'
exec_prefix='${prefix}'
host='x86_64-unknown-linux-gnu'
host_alias=''
host_cpu='x86_64'
host_os='linux-gnu'
host_vendor='unknown'
includedir='${prefix}/include'
infodir='${prefix}/info'
install_sh='/home/adam/Desktop/Forensics/flex-2.5.35/install-sh'
libdir='${exec_prefix}/lib'
libexecdir='${exec_prefix}/libexec'
localstatedir='${prefix}/var'
mandir='${prefix}/man'
mkdir_p='mkdir -p --'
oldincludedir='/usr/include'
prefix='/usr/local'
program_transform_name='s,x,x,'
sbindir='${exec_prefix}/sbin'
sharedstatedir='${prefix}/com'
sysconfdir='${prefix}/etc'
target_alias=''

## ----------- ##
## confdefs.h. ##
## ----------- ##

#define ENABLE_NLS 1
#define HAVE_ALLOCA 1
#define HAVE_ALLOCA_H 1
#define HAVE_DCGETTEXT 1
#define HAVE_DUP2 1
#define HAVE_FORK 1
#define HAVE_GETTEXT 1
#define HAVE_INTTYPES_H 1
#define HAVE_INTTYPES_H 1
#define HAVE_ISASCII 1
#define HAVE_LIBINTL_H 1
#define HAVE_LIBM 1
#define HAVE_LIBPTHREAD 1
#define HAVE_LIMITS_H 1
#define HAVE_LOCALE_H 1
#define HAVE_MALLOC 1
#define HAVE_MALLOC_H 1
#define HAVE_MEMORY_H 1
#define HAVE_MEMSET 1
#define HAVE_NETINET_IN_H 1
#define HAVE_POW 1
#define HAVE_PTHREAD_H 1
#define HAVE_REALLOC 1
#define HAVE_REGCOMP 1
#define HAVE_SETLOCALE 1
#define HAVE_STDBOOL_H 1
#define HAVE_STDDEF_H 1
#define HAVE_STDINT_H 1
#define HAVE_STDLIB_H 1
#define HAVE_STDLIB_H 1
#define HAVE_STDLIB_H 1
#define HAVE_STDLIB_H 1
#define HAVE_STRCHR 1
#define HAVE_STRINGS_H 1
#define HAVE_STRINGS_H 1
#define HAVE_STRING_H 1
#define HAVE_STRING_H 1
#define HAVE_STRTOL 1
#define HAVE_SYS_STAT_H 1
#define HAVE_SYS_TYPES_H 1
#define HAVE_SYS_WAIT_H 1
#define HAVE_UNISTD_H 1
#define HAVE_UNISTD_H 1
#define HAVE_UNISTD_H 1
#define HAVE_VFORK 1
#define HAVE_WORKING_FORK 1
#define HAVE_WORKING_VFORK 1
#define HAVE__BOOL 1
#define M4 "/usr/local/bin/m4"
#define PACKAGE "flex"
#define PACKAGE_BUGREPORT "flex-help@lists.sourceforge.net"
#define PACKAGE_NAME "the fast lexical analyser generator"
#define PACKAGE_STRING "the fast lexical analyser generator 2.5.35"
#define PACKAGE_TARNAME "flex"
#define PACKAGE_VERSION "2.5.35"
#define STDC_HEADERS 1
#define VERSION "2.5.35"
#endif
#ifdef __cplusplus
extern "C" void exit (int) throw ();

configure: exit 0
